{
  "RSpec": {
    "coverage": {
      "/home/wadror/ratebeer/config/environment.rb": [
        null,
        1,
        null,
        null,
        1
      ],
      "/home/wadror/ratebeer/config/application.rb": [
        1,
        null,
        1,
        null,
        null,
        null,
        1,
        null,
        1,
        1,
        null,
        null,
        null,
        null,
        null,
        null,
        null,
        null,
        null,
        null,
        null,
        1,
        null,
        null
      ],
      "/home/wadror/ratebeer/config/boot.rb": [
        null,
        1,
        null,
        1
      ],
      "/home/wadror/ratebeer/config/environments/test.rb": [
        1,
        null,
        null,
        null,
        null,
        null,
        null,
        1,
        null,
        null,
        null,
        null,
        1,
        null,
        null,
        1,
        1,
        null,
        null,
        1,
        1,
        null,
        null,
        1,
        null,
        null,
        1,
        null,
        null,
        null,
        null,
        1,
        null,
        null,
        1,
        null
      ],
      "/home/wadror/ratebeer/config/initializers/backtrace_silencers.rb": [
        null,
        null,
        null,
        null,
        null,
        null,
        null
      ],
      "/home/wadror/ratebeer/config/initializers/filter_parameter_logging.rb": [
        null,
        null,
        null,
        1
      ],
      "/home/wadror/ratebeer/config/initializers/inflections.rb": [
        null,
        null,
        null,
        null,
        null,
        null,
        null,
        null,
        null,
        null,
        null,
        null,
        null,
        null,
        null,
        null
      ],
      "/home/wadror/ratebeer/config/initializers/mime_types.rb": [
        null,
        null,
        null,
        null,
        null
      ],
      "/home/wadror/ratebeer/config/initializers/secret_token.rb": [
        null,
        null,
        null,
        null,
        null,
        null,
        null,
        null,
        null,
        null,
        null,
        1
      ],
      "/home/wadror/ratebeer/config/initializers/session_store.rb": [
        null,
        null,
        1
      ],
      "/home/wadror/ratebeer/config/initializers/wrap_parameters.rb": [
        null,
        null,
        null,
        null,
        null,
        null,
        1,
        1,
        null,
        null,
        null,
        null,
        null,
        null
      ],
      "/home/wadror/ratebeer/spec/factories.rb": [
        1,
        1,
        1,
        1,
        1,
        null,
        null,
        1,
        1,
        null,
        null,
        1,
        1,
        null,
        null,
        1,
        1,
        1,
        null,
        null,
        1,
        1,
        1,
        1,
        null,
        null
      ],
      "/home/wadror/ratebeer/app/models/rating.rb": [
        1,
        1,
        1,
        null,
        1,
        null,
        null,
        null,
        1,
        6,
        null,
        null
      ],
      "/home/wadror/ratebeer/config/routes.rb": [
        1,
        1,
        1,
        null,
        1,
        1,
        null,
        1,
        null,
        1,
        null,
        1,
        1,
        1,
        null,
        1,
        1,
        null,
        null,
        null,
        null,
        null,
        null,
        1,
        null,
        null,
        null,
        null,
        null,
        null,
        null,
        null,
        null,
        null,
        null,
        null,
        null,
        null,
        null,
        null,
        null,
        null,
        null,
        null,
        null,
        null,
        null,
        null,
        null,
        null,
        null,
        null,
        null,
        null,
        null,
        null,
        null,
        null,
        null,
        null,
        null,
        null,
        null,
        null,
        null,
        null,
        null,
        null,
        null,
        null,
        null,
        null,
        null,
        null,
        null,
        null,
        null,
        null,
        null,
        null
      ],
      "/home/wadror/ratebeer/app/helpers/application_helper.rb": [
        1,
        null
      ],
      "/home/wadror/ratebeer/app/helpers/beers_helper.rb": [
        1,
        null
      ],
      "/home/wadror/ratebeer/app/helpers/breweries_helper.rb": [
        1,
        null
      ],
      "/home/wadror/ratebeer/app/helpers/users_helper.rb": [
        1,
        null
      ],
      "/home/wadror/ratebeer/spec/support/helpers/own_test_helper.rb": [
        1,
        null,
        1,
        8,
        8,
        8,
        8,
        null,
        null
      ],
      "/home/wadror/ratebeer/spec/features/breweries_page_spec.rb": [
        1,
        null,
        1,
        1,
        1,
        1,
        1,
        null,
        null,
        1,
        1,
        2,
        2,
        2,
        6,
        null,
        null,
        2,
        null,
        null,
        1,
        1,
        1,
        3,
        null,
        null,
        null,
        1,
        1,
        null,
        1,
        1,
        null,
        null,
        null,
        null,
        null
      ],
      "/home/wadror/ratebeer/spec/features/places_spec.rb": [
        1,
        null,
        1,
        1,
        1,
        null,
        null,
        null,
        1,
        1,
        1,
        null,
        1,
        null,
        null,
        1,
        1,
        null,
        null,
        null,
        1,
        1,
        1,
        null,
        1,
        1,
        null,
        null,
        1,
        1,
        null,
        null,
        null,
        1,
        1,
        1,
        null,
        1,
        null,
        null
      ],
      "/home/wadror/ratebeer/spec/features/ratings_spec.rb": [
        1,
        1,
        null,
        1,
        5,
        5,
        5,
        5,
        5,
        null,
        1,
        4,
        null,
        null,
        1,
        1,
        1,
        1,
        null,
        1,
        1,
        2,
        null,
        1,
        1,
        1,
        null,
        null,
        1,
        1,
        1,
        1,
        null,
        1,
        1,
        null,
        null,
        1,
        1,
        1,
        1,
        null,
        1,
        1,
        1,
        null,
        1,
        1,
        1,
        null,
        null,
        1,
        1,
        1,
        1,
        null,
        1,
        1,
        1,
        null,
        1,
        1,
        null,
        1,
        null,
        null,
        null,
        null
      ],
      "/home/wadror/ratebeer/spec/features/users_spec.rb": [
        1,
        null,
        1,
        null,
        1,
        1,
        3,
        null,
        null,
        1,
        1,
        1,
        null,
        1,
        1,
        null,
        null,
        1,
        1,
        null,
        1,
        1,
        null,
        null,
        null,
        1,
        1,
        1,
        1,
        1,
        null,
        1,
        1,
        2,
        null,
        null
      ],
      "/home/wadror/ratebeer/spec/lib/beermapping_api_spec.rb": [
        1,
        null,
        1,
        1,
        null,
        1,
        null,
        null,
        null,
        1,
        null,
        1,
        null,
        1,
        1,
        1,
        1,
        null,
        null,
        1,
        null,
        1,
        null,
        null,
        null,
        1,
        null,
        1,
        null,
        1,
        null,
        null,
        1,
        null,
        1,
        null,
        null,
        null,
        1,
        null,
        1,
        null,
        1,
        null,
        null,
        1,
        null,
        1,
        1,
        null,
        null,
        1,
        1,
        null,
        null,
        null,
        1,
        null,
        1,
        null,
        1,
        1,
        1,
        1,
        null,
        null,
        null,
        1,
        null,
        1,
        1,
        null,
        null,
        null,
        1,
        null,
        null,
        1,
        null,
        1,
        null,
        1,
        1,
        1,
        1,
        null,
        null,
        null
      ],
      "/home/wadror/ratebeer/spec/models/beer_spec.rb": [
        1,
        null,
        1,
        1,
        1,
        null,
        1,
        1,
        null,
        null,
        1,
        1,
        null,
        1,
        1,
        null,
        null,
        1,
        1,
        null,
        1,
        1,
        null,
        null
      ],
      "/home/wadror/ratebeer/app/models/beer.rb": [
        1,
        1,
        null,
        1,
        1,
        1,
        null,
        1,
        1,
        null,
        null,
        null,
        null,
        null,
        null,
        1,
        2,
        null,
        null
      ],
      "/home/wadror/ratebeer/app/models/concerns/rating_average.rb": [
        1,
        1,
        null,
        1,
        2,
        null,
        null
      ],
      "/home/wadror/ratebeer/spec/models/brewery_spec.rb": [
        1,
        null,
        1,
        4,
        null,
        2,
        2,
        2,
        null
      ],
      "/home/wadror/ratebeer/spec/models/user_spec.rb": [
        1,
        null,
        1,
        1,
        1,
        null,
        1,
        null,
        null,
        1,
        1,
        null,
        1,
        1,
        null,
        null,
        1,
        3,
        null,
        1,
        1,
        1,
        null,
        null,
        1,
        1,
        1,
        null,
        1,
        1,
        null,
        1,
        1,
        null,
        null,
        null,
        1,
        1,
        null,
        1,
        1,
        1,
        null,
        null,
        1,
        null,
        1,
        1,
        1,
        null,
        null,
        null,
        1,
        5,
        null,
        1,
        1,
        null,
        null,
        1,
        1,
        null,
        null,
        1,
        1,
        1,
        null,
        1,
        null,
        null,
        1,
        1,
        1,
        null,
        1,
        null,
        null,
        null,
        1,
        5,
        5,
        5,
        null,
        null,
        1,
        1,
        4,
        null,
        null,
        null
      ],
      "/home/wadror/ratebeer/app/models/user.rb": [
        1,
        1,
        null,
        1,
        null,
        1,
        null,
        null,
        null,
        1,
        null,
        1,
        1,
        null,
        null,
        null,
        1,
        3,
        null,
        null,
        2,
        null,
        null,
        null
      ],
      "/home/wadror/ratebeer/app/controllers/breweries_controller.rb": [
        1,
        1,
        1,
        1,
        null,
        null,
        null,
        1,
        3,
        null,
        null,
        null,
        null,
        1,
        null,
        null,
        null,
        1,
        0,
        null,
        null,
        null,
        1,
        null,
        null,
        null,
        null,
        1,
        0,
        null,
        0,
        0,
        0,
        0,
        null,
        0,
        0,
        null,
        null,
        null,
        null,
        null,
        null,
        1,
        0,
        0,
        0,
        0,
        null,
        0,
        0,
        null,
        null,
        null,
        null,
        null,
        null,
        1,
        0,
        0,
        0,
        0,
        null,
        null,
        null,
        1,
        null,
        1,
        1,
        null,
        null,
        null,
        1,
        0,
        null,
        null,
        null
      ],
      "/home/wadror/ratebeer/app/controllers/application_controller.rb": [
        1,
        null,
        null,
        1,
        null,
        null,
        1,
        null,
        1,
        99,
        77,
        null,
        null,
        1,
        4,
        null,
        null,
        1,
        0,
        null,
        null,
        null
      ],
      "/home/wadror/ratebeer/app/models/brewery.rb": [
        1,
        1,
        null,
        1,
        1,
        null,
        1,
        1,
        null,
        null,
        null,
        1,
        0,
        0,
        0,
        0,
        null,
        null,
        1,
        0,
        0,
        null,
        null
      ],
      "/home/wadror/ratebeer/lib/beermapping_api.rb": [
        1,
        1,
        6,
        8,
        null,
        null,
        1,
        null,
        1,
        2,
        null,
        2,
        2,
        null,
        2,
        null,
        1,
        1,
        1,
        null,
        null,
        null,
        1,
        2,
        null,
        null
      ],
      "/home/wadror/ratebeer/app/controllers/places_controller.rb": [
        1,
        1,
        null,
        null,
        1,
        3,
        3,
        3,
        1,
        null,
        2,
        null,
        null,
        null,
        1,
        0,
        null,
        null
      ],
      "/home/wadror/ratebeer/app/models/place.rb": [
        1,
        1,
        null,
        1,
        null,
        1,
        5,
        null,
        null
      ],
      "/home/wadror/ratebeer/app/models/settings.rb": [
        1,
        null
      ],
      "/home/wadror/ratebeer/app/controllers/sessions_controller.rb": [
        1,
        1,
        null,
        null,
        null,
        1,
        null,
        8,
        8,
        1,
        null,
        null,
        7,
        null,
        7,
        null,
        null,
        null,
        1,
        null,
        0,
        null,
        0,
        null,
        null
      ],
      "/home/wadror/ratebeer/app/controllers/users_controller.rb": [
        1,
        1,
        null,
        null,
        null,
        1,
        0,
        null,
        null,
        null,
        null,
        1,
        null,
        null,
        null,
        1,
        1,
        null,
        null,
        null,
        1,
        null,
        null,
        null,
        null,
        1,
        1,
        null,
        1,
        1,
        2,
        1,
        null,
        0,
        0,
        null,
        null,
        null,
        null,
        null,
        null,
        1,
        0,
        0,
        0,
        0,
        null,
        0,
        0,
        null,
        null,
        null,
        null,
        null,
        null,
        1,
        0,
        0,
        0,
        0,
        0,
        null,
        null,
        null,
        1,
        null,
        1,
        12,
        null,
        null,
        null,
        1,
        1,
        null,
        null
      ],
      "/home/wadror/ratebeer/app/controllers/ratings_controller.rb": [
        1,
        1,
        1,
        null,
        null,
        1,
        1,
        1,
        null,
        null,
        1,
        1,
        null,
        1,
        0,
        1,
        1,
        1,
        null,
        0,
        0,
        null,
        null,
        null,
        1,
        1,
        1,
        1,
        null,
        null,
        null
      ],
      "/home/wadror/ratebeer/app/controllers/beers_controller.rb": [
        1,
        1,
        1,
        1,
        null,
        null,
        null,
        1,
        1,
        null,
        null,
        null,
        null,
        1,
        null,
        null,
        null,
        1,
        2,
        2,
        null,
        null,
        1,
        3,
        3,
        null,
        null,
        null,
        1,
        0,
        null,
        null,
        null,
        null,
        1,
        2,
        null,
        2,
        2,
        2,
        1,
        null,
        1,
        2,
        1,
        null,
        null,
        null,
        null,
        null,
        null,
        1,
        0,
        0,
        0,
        0,
        null,
        0,
        0,
        null,
        null,
        null,
        null,
        null,
        null,
        1,
        0,
        0,
        0,
        0,
        null,
        null,
        null,
        1,
        null,
        1,
        0,
        null,
        null,
        null,
        1,
        2,
        null,
        null
      ]
    },
    "timestamp": 1392498240
  }
}
